WARNING (000028): BLOCKS section group 70 unknown/not supported - ignored.
POLYLINE entity, line 156
WARNING (000164): POLYLINE entity group 40 unknown/not supported - ignored.
WARNING (000166): POLYLINE entity group 41 unknown/not supported - ignored.
WARNING (000170): VERTEX entity group 8 unknown/not supported - ignored.
WARNING (000180): VERTEX entity group 8 unknown/not supported - ignored.
POLYLINE: layer="0", flags=0x01, #pts=3, 0=(-635,0), 1=(635,0), 2=(-635,0)
SYMBOL: layer="0", name="EPAD", org=(0,0), 1 entities.
TRACE entity, line 208
R.SOLID: TESTING l1=(-1270,-1270)(1270,1270) and l2=(-1270,1270)(1270,-1270) - Swapping (1270,-1270) and (1270,1270).
R.SOLID: layer="0", p1=(-1270,-1270), p2=(-1270,1270), p3=(1270,1270) p4=(1270,-1270)
SYMBOL: layer="0", name="RPAD", org=(0,0), 1 entities.
POLYLINE entity, line 238
WARNING (000246): POLYLINE entity group 40 unknown/not supported - ignored.
WARNING (000248): POLYLINE entity group 41 unknown/not supported - ignored.
WARNING (000252): VERTEX entity group 8 unknown/not supported - ignored.
WARNING (000260): VERTEX entity group 8 unknown/not supported - ignored.
WARNING (000268): VERTEX entity group 8 unknown/not supported - ignored.
WARNING (000276): VERTEX entity group 8 unknown/not supported - ignored.
WARNING (000284): VERTEX entity group 8 unknown/not supported - ignored.
WARNING (000292): VERTEX entity group 8 unknown/not supported - ignored.
WARNING (000300): VERTEX entity group 8 unknown/not supported - ignored.
WARNING (000308): VERTEX entity group 8 unknown/not supported - ignored.
WARNING (000316): VERTEX entity group 8 unknown/not supported - ignored.
POLYLINE: layer="0", flags=0x01, #pts=10, 0=(-2390,2873), 1=(-2542,2873), 2=(-2580,2835), 3=(-2580,2632), 4=(-2542,2594), 5=(-2390,2594), 6=(-2352,2632), 7=(-2352,2835), 8=(-2390,2873), 9=(-2390,2873)
POLYLINE entity, line 326
WARNING (000334): POLYLINE entity group 40 unknown/not supported - ignored.
WARNING (000336): POLYLINE entity group 41 unknown/not supported - ignored.
WARNING (000340): VERTEX entity group 8 unknown/not supported - ignored.
WARNING (000348): VERTEX entity group 8 unknown/not supported - ignored.
WARNING (000356): VERTEX entity group 8 unknown/not supported - ignored.
WARNING (000364): VERTEX entity group 8 unknown/not supported - ignored.
WARNING (000372): VERTEX entity group 8 unknown/not supported - ignored.
WARNING (000380): VERTEX entity group 8 unknown/not supported - ignored.
WARNING (000388): VERTEX entity group 8 unknown/not supported - ignored.
WARNING (000396): VERTEX entity group 8 unknown/not supported - ignored.
WARNING (000404): VERTEX entity group 8 unknown/not supported - ignored.
POLYLINE: layer="0", flags=0x01, #pts=10, 0=(-2644,2873), 1=(-2796,2873), 2=(-2834,2835), 3=(-2834,2632), 4=(-2796,2594), 5=(-2644,2594), 6=(-2606,2632), 7=(-2606,2835), 8=(-2644,2873), 9=(-2644,2873)
POLYLINE entity, line 414
WARNING (000422): POLYLINE entity group 40 unknown/not supported - ignored.
WARNING (000424): POLYLINE entity group 41 unknown/not supported - ignored.
WARNING (000428): VERTEX entity group 8 unknown/not supported - ignored.
WARNING (000436): VERTEX entity group 8 unknown/not supported - ignored.
WARNING (000444): VERTEX entity group 8 unknown/not supported - ignored.
WARNING (000452): VERTEX entity group 8 unknown/not supported - ignored.
WARNING (000460): VERTEX entity group 8 unknown/not supported - ignored.
WARNING (000468): VERTEX entity group 8 unknown/not supported - ignored.
WARNING (000476): VERTEX entity group 8 unknown/not supported - ignored.
WARNING (000484): VERTEX entity group 8 unknown/not supported - ignored.
WARNING (000492): VERTEX entity group 8 unknown/not supported - ignored.
POLYLINE: layer="0", flags=0x01, #pts=10, 0=(-2898,2873), 1=(-3050,2873), 2=(-3088,2835), 3=(-3088,2632), 4=(-3050,2594), 5=(-2898,2594), 6=(-2860,2632), 7=(-2860,2835), 8=(-2898,2873), 9=(-2898,2873)
POLYLINE entity, line 502
WARNING (000510): POLYLINE entity group 40 unknown/not supported - ignored.
WARNING (000512): POLYLINE entity group 41 unknown/not supported - ignored.
WARNING (000516): VERTEX entity group 8 unknown/not supported - ignored.
WARNING (000524): VERTEX entity group 8 unknown/not supported - ignored.
WARNING (000532): VERTEX entity group 8 unknown/not supported - ignored.
WARNING (000540): VERTEX entity group 8 unknown/not supported - ignored.
WARNING (000548): VERTEX entity group 8 unknown/not supported - ignored.
WARNING (000556): VERTEX entity group 8 unknown/not supported - ignored.
WARNING (000564): VERTEX entity group 8 unknown/not supported - ignored.
WARNING (000572): VERTEX entity group 8 unknown/not supported - ignored.
WARNING (000580): VERTEX entity group 8 unknown/not supported - ignored.
POLYLINE: layer="0", flags=0x01, #pts=10, 0=(-3152,2873), 1=(-3304,2873), 2=(-3342,2835), 3=(-3342,2632), 4=(-3304,2594), 5=(-3152,2594), 6=(-3114,2632), 7=(-3114,2835), 8=(-3152,2873), 9=(-3152,2873)
POLYLINE entity, line 590
WARNING (000598): POLYLINE entity group 40 unknown/not supported - ignored.
WARNING (000600): POLYLINE entity group 41 unknown/not supported - ignored.
WARNING (000604): VERTEX entity group 8 unknown/not supported - ignored.
WARNING (000612): VERTEX entity group 8 unknown/not supported - ignored.
WARNING (000620): VERTEX entity group 8 unknown/not supported - ignored.
WARNING (000628): VERTEX entity group 8 unknown/not supported - ignored.
WARNING (000636): VERTEX entity group 8 unknown/not supported - ignored.
WARNING (000644): VERTEX entity group 8 unknown/not supported - ignored.
WARNING (000652): VERTEX entity group 8 unknown/not supported - ignored.
WARNING (000660): VERTEX entity group 8 unknown/not supported - ignored.
WARNING (000668): VERTEX entity group 8 unknown/not supported - ignored.
POLYLINE: layer="0", flags=0x01, #pts=10, 0=(-816,2803), 1=(-816,2956), 2=(-854,2993), 3=(-1058,2993), 4=(-1095,2956), 5=(-1095,2803), 6=(-1058,2765), 7=(-854,2765), 8=(-816,2803), 9=(-816,2803)
POLYLINE entity, line 678
WARNING (000686): POLYLINE entity group 40 unknown/not supported - ignored.
WARNING (000688): POLYLINE entity group 41 unknown/not supported - ignored.
WARNING (000692): VERTEX entity group 8 unknown/not supported - ignored.
WARNING (000700): VERTEX entity group 8 unknown/not supported - ignored.
WARNING (000708): VERTEX entity group 8 unknown/not supported - ignored.
WARNING (000716): VERTEX entity group 8 unknown/not supported - ignored.
WARNING (000724): VERTEX entity group 8 unknown/not supported - ignored.
WARNING (000732): VERTEX entity group 8 unknown/not supported - ignored.
WARNING (000740): VERTEX entity group 8 unknown/not supported - ignored.
WARNING (000748): VERTEX entity group 8 unknown/not supported - ignored.
WARNING (000756): VERTEX entity group 8 unknown/not supported - ignored.
POLYLINE: layer="0", flags=0x01, #pts=10, 0=(-816,3057), 1=(-816,3210), 2=(-854,3247), 3=(-1058,3247), 4=(-1095,3210), 5=(-1095,3057), 6=(-1058,3019), 7=(-854,3019), 8=(-816,3057), 9=(-816,3057)
POLYLINE entity, line 766
WARNING (000774): POLYLINE entity group 40 unknown/not supported - ignored.
WARNING (000776): POLYLINE entity group 41 unknown/not supported - ignored.
WARNING (000780): VERTEX entity group 8 unknown/not supported - ignored.
WARNING (000788): VERTEX entity group 8 unknown/not supported - ignored.
WARNING (000796): VERTEX entity group 8 unknown/not supported - ignored.
WARNING (000804): VERTEX entity group 8 unknown/not supported - ignored.
WARNING (000812): VERTEX entity group 8 unknown/not supported - ignored.
WARNING (000820): VERTEX entity group 8 unknown/not supported - ignored.
WARNING (000828): VERTEX entity group 8 unknown/not supported - ignored.
WARNING (000836): VERTEX entity group 8 unknown/not supported - ignored.
WARNING (000844): VERTEX entity group 8 unknown/not supported - ignored.
POLYLINE: layer="0", flags=0x01, #pts=10, 0=(-816,3311), 1=(-816,3464), 2=(-854,3501), 3=(-1058,3501), 4=(-1095,3464), 5=(-1095,3311), 6=(-1058,3273), 7=(-854,3273), 8=(-816,3311), 9=(-816,3311)
POLYLINE entity, line 854
WARNING (000862): POLYLINE entity group 40 unknown/not supported - ignored.
WARNING (000864): POLYLINE entity group 41 unknown/not supported - ignored.
WARNING (000868): VERTEX entity group 8 unknown/not supported - ignored.
WARNING (000876): VERTEX entity group 8 unknown/not supported - ignored.
WARNING (000884): VERTEX entity group 8 unknown/not supported - ignored.
WARNING (000892): VERTEX entity group 8 unknown/not supported - ignored.
WARNING (000900): VERTEX entity group 8 unknown/not supported - ignored.
WARNING (000908): VERTEX entity group 8 unknown/not supported - ignored.
WARNING (000916): VERTEX entity group 8 unknown/not supported - ignored.
WARNING (000924): VERTEX entity group 8 unknown/not supported - ignored.
WARNING (000932): VERTEX entity group 8 unknown/not supported - ignored.
POLYLINE: layer="0", flags=0x01, #pts=10, 0=(-816,3565), 1=(-816,3718), 2=(-854,3755), 3=(-1058,3755), 4=(-1095,3718), 5=(-1095,3565), 6=(-1058,3527), 7=(-854,3527), 8=(-816,3565), 9=(-816,3565)
POLYLINE entity, line 942
WARNING (000950): POLYLINE entity group 40 unknown/not supported - ignored.
WARNING (000952): POLYLINE entity group 41 unknown/not supported - ignored.
WARNING (000956): VERTEX entity group 8 unknown/not supported - ignored.
WARNING (000964): VERTEX entity group 8 unknown/not supported - ignored.
WARNING (000972): VERTEX entity group 8 unknown/not supported - ignored.
WARNING (000980): VERTEX entity group 8 unknown/not supported - ignored.
WARNING (000988): VERTEX entity group 8 unknown/not supported - ignored.
WARNING (000996): VERTEX entity group 8 unknown/not supported - ignored.
WARNING (001004): VERTEX entity group 8 unknown/not supported - ignored.
WARNING (001012): VERTEX entity group 8 unknown/not supported - ignored.
WARNING (001020): VERTEX entity group 8 unknown/not supported - ignored.
POLYLINE: layer="0", flags=0x01, #pts=10, 0=(-4860,2424), 1=(-4860,2576), 2=(-4898,2614), 3=(-5102,2614), 4=(-5140,2576), 5=(-5140,2424), 6=(-5102,2386), 7=(-4898,2386), 8=(-4860,2424), 9=(-4860,2424)
POLYLINE entity, line 1030
WARNING (001038): POLYLINE entity group 40 unknown/not supported - ignored.
WARNING (001040): POLYLINE entity group 41 unknown/not supported - ignored.
WARNING (001044): VERTEX entity group 8 unknown/not supported - ignored.
WARNING (001052): VERTEX entity group 8 unknown/not supported - ignored.
WARNING (001060): VERTEX entity group 8 unknown/not supported - ignored.
WARNING (001068): VERTEX entity group 8 unknown/not supported - ignored.
WARNING (001076): VERTEX entity group 8 unknown/not supported - ignored.
WARNING (001084): VERTEX entity group 8 unknown/not supported - ignored.
WARNING (001092): VERTEX entity group 8 unknown/not supported - ignored.
WARNING (001100): VERTEX entity group 8 unknown/not supported - ignored.
WARNING (001108): VERTEX entity group 8 unknown/not supported - ignored.
POLYLINE: layer="0", flags=0x01, #pts=10, 0=(-4860,2674), 1=(-4860,2826), 2=(-4898,2864), 3=(-5102,2864), 4=(-5140,2826), 5=(-5140,2674), 6=(-5102,2636), 7=(-4898,2636), 8=(-4860,2674), 9=(-4860,2674)
POLYLINE entity, line 1118
WARNING (001126): POLYLINE entity group 40 unknown/not supported - ignored.
WARNING (001128): POLYLINE entity group 41 unknown/not supported - ignored.
WARNING (001132): VERTEX entity group 8 unknown/not supported - ignored.
WARNING (001140): VERTEX entity group 8 unknown/not supported - ignored.
WARNING (001148): VERTEX entity group 8 unknown/not supported - ignored.
WARNING (001156): VERTEX entity group 8 unknown/not supported - ignored.
WARNING (001164): VERTEX entity group 8 unknown/not supported - ignored.
WARNING (001172): VERTEX entity group 8 unknown/not supported - ignored.
WARNING (001180): VERTEX entity group 8 unknown/not supported - ignored.
WARNING (001188): VERTEX entity group 8 unknown/not supported - ignored.
WARNING (001196): VERTEX entity group 8 unknown/not supported - ignored.
POLYLINE: layer="0", flags=0x01, #pts=10, 0=(-4860,2928), 1=(-4860,3080), 2=(-4898,3118), 3=(-5102,3118), 4=(-5140,3080), 5=(-5140,2928), 6=(-5102,2890), 7=(-4898,2890), 8=(-4860,2928), 9=(-4860,2928)
POLYLINE entity, line 1206
WARNING (001214): POLYLINE entity group 40 unknown/not supported - ignored.
WARNING (001216): POLYLINE entity group 41 unknown/not supported - ignored.
WARNING (001220): VERTEX entity group 8 unknown/not supported - ignored.
WARNING (001228): VERTEX entity group 8 unknown/not supported - ignored.
WARNING (001236): VERTEX entity group 8 unknown/not supported - ignored.
WARNING (001244): VERTEX entity group 8 unknown/not supported - ignored.
WARNING (001252): VERTEX entity group 8 unknown/not supported - ignored.
WARNING (001260): VERTEX entity group 8 unknown/not supported - ignored.
WARNING (001268): VERTEX entity group 8 unknown/not supported - ignored.
WARNING (001276): VERTEX entity group 8 unknown/not supported - ignored.
WARNING (001284): VERTEX entity group 8 unknown/not supported - ignored.
POLYLINE: layer="0", flags=0x01, #pts=10, 0=(-4860,3182), 1=(-4860,3334), 2=(-4898,3372), 3=(-5102,3372), 4=(-5140,3334), 5=(-5140,3182), 6=(-5102,3144), 7=(-4898,3144), 8=(-4860,3182), 9=(-4860,3182)
POLYLINE entity, line 1294
WARNING (001302): POLYLINE entity group 40 unknown/not supported - ignored.
WARNING (001304): POLYLINE entity group 41 unknown/not supported - ignored.
WARNING (001308): VERTEX entity group 8 unknown/not supported - ignored.
WARNING (001316): VERTEX entity group 8 unknown/not supported - ignored.
WARNING (001324): VERTEX entity group 8 unknown/not supported - ignored.
WARNING (001332): VERTEX entity group 8 unknown/not supported - ignored.
WARNING (001340): VERTEX entity group 8 unknown/not supported - ignored.
WARNING (001348): VERTEX entity group 8 unknown/not supported - ignored.
WARNING (001356): VERTEX entity group 8 unknown/not supported - ignored.
WARNING (001364): VERTEX entity group 8 unknown/not supported - ignored.
WARNING (001372): VERTEX entity group 8 unknown/not supported - ignored.
POLYLINE: layer="0", flags=0x01, #pts=10, 0=(-4860,3436), 1=(-4860,3588), 2=(-4898,3626), 3=(-5102,3626), 4=(-5140,3588), 5=(-5140,3436), 6=(-5102,3398), 7=(-4898,3398), 8=(-4860,3436), 9=(-4860,3436)
POLYLINE entity, line 1382
WARNING (001390): POLYLINE entity group 40 unknown/not supported - ignored.
WARNING (001392): POLYLINE entity group 41 unknown/not supported - ignored.
WARNING (001396): VERTEX entity group 8 unknown/not supported - ignored.
WARNING (001404): VERTEX entity group 8 unknown/not supported - ignored.
WARNING (001412): VERTEX entity group 8 unknown/not supported - ignored.
WARNING (001420): VERTEX entity group 8 unknown/not supported - ignored.
WARNING (001428): VERTEX entity group 8 unknown/not supported - ignored.
WARNING (001436): VERTEX entity group 8 unknown/not supported - ignored.
WARNING (001444): VERTEX entity group 8 unknown/not supported - ignored.
WARNING (001452): VERTEX entity group 8 unknown/not supported - ignored.
WARNING (001460): VERTEX entity group 8 unknown/not supported - ignored.
POLYLINE: layer="0", flags=0x01, #pts=10, 0=(-1003,648), 1=(-1156,648), 2=(-1194,610), 3=(-1194,406), 4=(-1156,368), 5=(-1003,368), 6=(-965,406), 7=(-965,610), 8=(-1003,648), 9=(-1003,648)
POLYLINE entity, line 1470
WARNING (001478): POLYLINE entity group 40 unknown/not supported - ignored.
WARNING (001480): POLYLINE entity group 41 unknown/not supported - ignored.
WARNING (001484): VERTEX entity group 8 unknown/not supported - ignored.
WARNING (001492): VERTEX entity group 8 unknown/not supported - ignored.
WARNING (001500): VERTEX entity group 8 unknown/not supported - ignored.
WARNING (001508): VERTEX entity group 8 unknown/not supported - ignored.
WARNING (001516): VERTEX entity group 8 unknown/not supported - ignored.
WARNING (001524): VERTEX entity group 8 unknown/not supported - ignored.
WARNING (001532): VERTEX entity group 8 unknown/not supported - ignored.
WARNING (001540): VERTEX entity group 8 unknown/not supported - ignored.
WARNING (001548): VERTEX entity group 8 unknown/not supported - ignored.
POLYLINE: layer="0", flags=0x01, #pts=10, 0=(-1257,648), 1=(-1410,648), 2=(-1448,610), 3=(-1448,406), 4=(-1410,368), 5=(-1257,368), 6=(-1219,406), 7=(-1219,610), 8=(-1257,648), 9=(-1257,648)
POLYLINE entity, line 1558
WARNING (001566): POLYLINE entity group 40 unknown/not supported - ignored.
WARNING (001568): POLYLINE entity group 41 unknown/not supported - ignored.
WARNING (001572): VERTEX entity group 8 unknown/not supported - ignored.
WARNING (001580): VERTEX entity group 8 unknown/not supported - ignored.
WARNING (001588): VERTEX entity group 8 unknown/not supported - ignored.
WARNING (001596): VERTEX entity group 8 unknown/not supported - ignored.
WARNING (001604): VERTEX entity group 8 unknown/not supported - ignored.
WARNING (001612): VERTEX entity group 8 unknown/not supported - ignored.
WARNING (001620): VERTEX entity group 8 unknown/not supported - ignored.
WARNING (001628): VERTEX entity group 8 unknown/not supported - ignored.
WARNING (001636): VERTEX entity group 8 unknown/not supported - ignored.
POLYLINE: layer="0", flags=0x01, #pts=10, 0=(-1765,648), 1=(-1918,648), 2=(-1956,610), 3=(-1956,406), 4=(-1918,368), 5=(-1765,368), 6=(-1727,406), 7=(-1727,610), 8=(-1765,648), 9=(-1765,648)
POLYLINE entity, line 1646
WARNING (001654): POLYLINE entity group 40 unknown/not supported - ignored.
WARNING (001656): POLYLINE entity group 41 unknown/not supported - ignored.
WARNING (001660): VERTEX entity group 8 unknown/not supported - ignored.
WARNING (001668): VERTEX entity group 8 unknown/not supported - ignored.
WARNING (001676): VERTEX entity group 8 unknown/not supported - ignored.
WARNING (001684): VERTEX entity group 8 unknown/not supported - ignored.
WARNING (001692): VERTEX entity group 8 unknown/not supported - ignored.
WARNING (001700): VERTEX entity group 8 unknown/not supported - ignored.
WARNING (001708): VERTEX entity group 8 unknown/not supported - ignored.
WARNING (001716): VERTEX entity group 8 unknown/not supported - ignored.
WARNING (001724): VERTEX entity group 8 unknown/not supported - ignored.
POLYLINE: layer="0", flags=0x01, #pts=10, 0=(-2273,648), 1=(-2426,648), 2=(-2464,610), 3=(-2464,406), 4=(-2426,368), 5=(-2273,368), 6=(-2235,406), 7=(-2235,610), 8=(-2273,648), 9=(-2273,648)
POLYLINE entity, line 1734
WARNING (001742): POLYLINE entity group 40 unknown/not supported - ignored.
WARNING (001744): POLYLINE entity group 41 unknown/not supported - ignored.
WARNING (001748): VERTEX entity group 8 unknown/not supported - ignored.
WARNING (001756): VERTEX entity group 8 unknown/not supported - ignored.
WARNING (001764): VERTEX entity group 8 unknown/not supported - ignored.
WARNING (001772): VERTEX entity group 8 unknown/not supported - ignored.
WARNING (001780): VERTEX entity group 8 unknown/not supported - ignored.
WARNING (001788): VERTEX entity group 8 unknown/not supported - ignored.
WARNING (001796): VERTEX entity group 8 unknown/not supported - ignored.
WARNING (001804): VERTEX entity group 8 unknown/not supported - ignored.
WARNING (001812): VERTEX entity group 8 unknown/not supported - ignored.
POLYLINE: layer="0", flags=0x01, #pts=10, 0=(-4559,648), 1=(-4712,648), 2=(-4750,610), 3=(-4750,406), 4=(-4712,368), 5=(-4559,368), 6=(-4521,406), 7=(-4521,610), 8=(-4559,648), 9=(-4559,648)
POLYLINE entity, line 1822
WARNING (001830): POLYLINE entity group 40 unknown/not supported - ignored.
WARNING (001832): POLYLINE entity group 41 unknown/not supported - ignored.
WARNING (001836): VERTEX entity group 8 unknown/not supported - ignored.
WARNING (001844): VERTEX entity group 8 unknown/not supported - ignored.
WARNING (001852): VERTEX entity group 8 unknown/not supported - ignored.
WARNING (001860): VERTEX entity group 8 unknown/not supported - ignored.
WARNING (001868): VERTEX entity group 8 unknown/not supported - ignored.
WARNING (001876): VERTEX entity group 8 unknown/not supported - ignored.
WARNING (001884): VERTEX entity group 8 unknown/not supported - ignored.
WARNING (001892): VERTEX entity group 8 unknown/not supported - ignored.
WARNING (001900): VERTEX entity group 8 unknown/not supported - ignored.
POLYLINE: layer="0", flags=0x01, #pts=10, 0=(-4305,2172), 1=(-4458,2172), 2=(-4496,2134), 3=(-4496,1930), 4=(-4458,1892), 5=(-4305,1892), 6=(-4267,1930), 7=(-4267,2134), 8=(-4305,2172), 9=(-4305,2172)
POLYLINE entity, line 1910
WARNING (001918): POLYLINE entity group 40 unknown/not supported - ignored.
WARNING (001920): POLYLINE entity group 41 unknown/not supported - ignored.
WARNING (001924): VERTEX entity group 8 unknown/not supported - ignored.
WARNING (001932): VERTEX entity group 8 unknown/not supported - ignored.
WARNING (001940): VERTEX entity group 8 unknown/not supported - ignored.
WARNING (001948): VERTEX entity group 8 unknown/not supported - ignored.
WARNING (001956): VERTEX entity group 8 unknown/not supported - ignored.
WARNING (001964): VERTEX entity group 8 unknown/not supported - ignored.
WARNING (001972): VERTEX entity group 8 unknown/not supported - ignored.
WARNING (001980): VERTEX entity group 8 unknown/not supported - ignored.
WARNING (001988): VERTEX entity group 8 unknown/not supported - ignored.
POLYLINE: layer="0", flags=0x01, #pts=10, 0=(-3797,2172), 1=(-3950,2172), 2=(-3988,2134), 3=(-3988,1930), 4=(-3950,1892), 5=(-3797,1892), 6=(-3759,1930), 7=(-3759,2134), 8=(-3797,2172), 9=(-3797,2172)
POLYLINE entity, line 1998
WARNING (002006): POLYLINE entity group 40 unknown/not supported - ignored.
WARNING (002008): POLYLINE entity group 41 unknown/not supported - ignored.
WARNING (002012): VERTEX entity group 8 unknown/not supported - ignored.
WARNING (002020): VERTEX entity group 8 unknown/not supported - ignored.
WARNING (002028): VERTEX entity group 8 unknown/not supported - ignored.
WARNING (002036): VERTEX entity group 8 unknown/not supported - ignored.
WARNING (002044): VERTEX entity group 8 unknown/not supported - ignored.
WARNING (002052): VERTEX entity group 8 unknown/not supported - ignored.
WARNING (002060): VERTEX entity group 8 unknown/not supported - ignored.
WARNING (002068): VERTEX entity group 8 unknown/not supported - ignored.
WARNING (002076): VERTEX entity group 8 unknown/not supported - ignored.
POLYLINE: layer="0", flags=0x01, #pts=10, 0=(-2781,2172), 1=(-2934,2172), 2=(-2972,2134), 3=(-2972,1930), 4=(-2934,1892), 5=(-2781,1892), 6=(-2743,1930), 7=(-2743,2134), 8=(-2781,2172), 9=(-2781,2172)
POLYLINE entity, line 2086
WARNING (002094): POLYLINE entity group 40 unknown/not supported - ignored.
WARNING (002096): POLYLINE entity group 41 unknown/not supported - ignored.
WARNING (002100): VERTEX entity group 8 unknown/not supported - ignored.
WARNING (002108): VERTEX entity group 8 unknown/not supported - ignored.
WARNING (002116): VERTEX entity group 8 unknown/not supported - ignored.
WARNING (002124): VERTEX entity group 8 unknown/not supported - ignored.
WARNING (002132): VERTEX entity group 8 unknown/not supported - ignored.
WARNING (002140): VERTEX entity group 8 unknown/not supported - ignored.
WARNING (002148): VERTEX entity group 8 unknown/not supported - ignored.
WARNING (002156): VERTEX entity group 8 unknown/not supported - ignored.
WARNING (002164): VERTEX entity group 8 unknown/not supported - ignored.
POLYLINE: layer="0", flags=0x01, #pts=10, 0=(-2527,2172), 1=(-2680,2172), 2=(-2718,2134), 3=(-2718,1930), 4=(-2680,1892), 5=(-2527,1892), 6=(-2489,1930), 7=(-2489,2134), 8=(-2527,2172), 9=(-2527,2172)
POLYLINE entity, line 2174
WARNING (002182): POLYLINE entity group 40 unknown/not supported - ignored.
WARNING (002184): POLYLINE entity group 41 unknown/not supported - ignored.
WARNING (002188): VERTEX entity group 8 unknown/not supported - ignored.
WARNING (002196): VERTEX entity group 8 unknown/not supported - ignored.
WARNING (002204): VERTEX entity group 8 unknown/not supported - ignored.
WARNING (002212): VERTEX entity group 8 unknown/not supported - ignored.
WARNING (002220): VERTEX entity group 8 unknown/not supported - ignored.
WARNING (002228): VERTEX entity group 8 unknown/not supported - ignored.
WARNING (002236): VERTEX entity group 8 unknown/not supported - ignored.
WARNING (002244): VERTEX entity group 8 unknown/not supported - ignored.
WARNING (002252): VERTEX entity group 8 unknown/not supported - ignored.
POLYLINE: layer="0", flags=0x01, #pts=10, 0=(-1765,2172), 1=(-1918,2172), 2=(-1956,2134), 3=(-1956,1930), 4=(-1918,1892), 5=(-1765,1892), 6=(-1727,1930), 7=(-1727,2134), 8=(-1765,2172), 9=(-1765,2172)
POLYLINE entity, line 2262
WARNING (002270): POLYLINE entity group 40 unknown/not supported - ignored.
WARNING (002272): POLYLINE entity group 41 unknown/not supported - ignored.
WARNING (002276): VERTEX entity group 8 unknown/not supported - ignored.
WARNING (002284): VERTEX entity group 8 unknown/not supported - ignored.
WARNING (002292): VERTEX entity group 8 unknown/not supported - ignored.
WARNING (002300): VERTEX entity group 8 unknown/not supported - ignored.
WARNING (002308): VERTEX entity group 8 unknown/not supported - ignored.
WARNING (002316): VERTEX entity group 8 unknown/not supported - ignored.
WARNING (002324): VERTEX entity group 8 unknown/not supported - ignored.
WARNING (002332): VERTEX entity group 8 unknown/not supported - ignored.
WARNING (002340): VERTEX entity group 8 unknown/not supported - ignored.
POLYLINE: layer="0", flags=0x01, #pts=10, 0=(-1257,2172), 1=(-1410,2172), 2=(-1448,2134), 3=(-1448,1930), 4=(-1410,1892), 5=(-1257,1892), 6=(-1219,1930), 7=(-1219,2134), 8=(-1257,2172), 9=(-1257,2172)
POLYLINE entity, line 2350
WARNING (002358): POLYLINE entity group 40 unknown/not supported - ignored.
WARNING (002360): POLYLINE entity group 41 unknown/not supported - ignored.
WARNING (002364): VERTEX entity group 8 unknown/not supported - ignored.
WARNING (002372): VERTEX entity group 8 unknown/not supported - ignored.
WARNING (002380): VERTEX entity group 8 unknown/not supported - ignored.
WARNING (002388): VERTEX entity group 8 unknown/not supported - ignored.
WARNING (002396): VERTEX entity group 8 unknown/not supported - ignored.
WARNING (002404): VERTEX entity group 8 unknown/not supported - ignored.
WARNING (002412): VERTEX entity group 8 unknown/not supported - ignored.
WARNING (002420): VERTEX entity group 8 unknown/not supported - ignored.
WARNING (002428): VERTEX entity group 8 unknown/not supported - ignored.
POLYLINE: layer="0", flags=0x01, #pts=10, 0=(-1003,2172), 1=(-1156,2172), 2=(-1194,2134), 3=(-1194,1930), 4=(-1156,1892), 5=(-1003,1892), 6=(-965,1930), 7=(-965,2134), 8=(-1003,2172), 9=(-1003,2172)
POLYLINE entity, line 2438
WARNING (002444): POLYLINE entity group 40 unknown/not supported - ignored.
WARNING (002446): POLYLINE entity group 41 unknown/not supported - ignored.
WARNING (002450): VERTEX entity group 8 unknown/not supported - ignored.
WARNING (002458): VERTEX entity group 8 unknown/not supported - ignored.
WARNING (002466): VERTEX entity group 8 unknown/not supported - ignored.
WARNING (002474): VERTEX entity group 8 unknown/not supported - ignored.
WARNING (002482): VERTEX entity group 8 unknown/not supported - ignored.
POLYLINE: layer="0", flags=0x00, #pts=5, 0=(-5300,173), 1=(-500,173), 2=(-500,3991), 3=(-5300,3991), 4=(-5300,173)
POLYLINE entity, line 2492
WARNING (002498): POLYLINE entity group 40 unknown/not supported - ignored.
WARNING (002500): POLYLINE entity group 41 unknown/not supported - ignored.
WARNING (002504): VERTEX entity group 8 unknown/not supported - ignored.
WARNING (002512): VERTEX entity group 8 unknown/not supported - ignored.
WARNING (002520): VERTEX entity group 8 unknown/not supported - ignored.
WARNING (002528): VERTEX entity group 8 unknown/not supported - ignored.
WARNING (002536): VERTEX entity group 8 unknown/not supported - ignored.
WARNING (002544): VERTEX entity group 8 unknown/not supported - ignored.
WARNING (002552): VERTEX entity group 8 unknown/not supported - ignored.
POLYLINE: layer="0", flags=0x00, #pts=7, 0=(-4382,2032), 1=(-4382,1714), 2=(-3810,1714), 3=(-3238,2286), 4=(-3175,2286), 5=(-2974,2487), 6=(-2974,2733)
POLYLINE entity, line 2562
WARNING (002568): POLYLINE entity group 40 unknown/not supported - ignored.
WARNING (002570): POLYLINE entity group 41 unknown/not supported - ignored.
WARNING (002574): VERTEX entity group 8 unknown/not supported - ignored.
WARNING (002582): VERTEX entity group 8 unknown/not supported - ignored.
WARNING (002590): VERTEX entity group 8 unknown/not supported - ignored.
WARNING (002598): VERTEX entity group 8 unknown/not supported - ignored.
WARNING (002606): VERTEX entity group 8 unknown/not supported - ignored.
WARNING (002614): VERTEX entity group 8 unknown/not supported - ignored.
WARNING (002622): VERTEX entity group 8 unknown/not supported - ignored.
WARNING (002630): VERTEX entity group 8 unknown/not supported - ignored.
POLYLINE: layer="0", flags=0x00, #pts=8, 0=(-1842,2032), 1=(-1842,1714), 2=(-2032,1524), 3=(-4382,1524), 4=(-4572,1714), 5=(-4572,3048), 6=(-4782,3258), 7=(-5000,3258)
POLYLINE entity, line 2640
WARNING (002646): POLYLINE entity group 40 unknown/not supported - ignored.
WARNING (002648): POLYLINE entity group 41 unknown/not supported - ignored.
WARNING (002652): VERTEX entity group 8 unknown/not supported - ignored.
WARNING (002660): VERTEX entity group 8 unknown/not supported - ignored.
WARNING (002668): VERTEX entity group 8 unknown/not supported - ignored.
WARNING (002676): VERTEX entity group 8 unknown/not supported - ignored.
POLYLINE: layer="0", flags=0x00, #pts=4, 0=(-1842,2032), 1=(-1842,2667), 2=(-1629,2879), 3=(-956,2879)
POLYLINE entity, line 2686
WARNING (002692): POLYLINE entity group 40 unknown/not supported - ignored.
WARNING (002694): POLYLINE entity group 41 unknown/not supported - ignored.
WARNING (002698): VERTEX entity group 8 unknown/not supported - ignored.
WARNING (002706): VERTEX entity group 8 unknown/not supported - ignored.
WARNING (002714): VERTEX entity group 8 unknown/not supported - ignored.
WARNING (002722): VERTEX entity group 8 unknown/not supported - ignored.
WARNING (002730): VERTEX entity group 8 unknown/not supported - ignored.
POLYLINE: layer="0", flags=0x00, #pts=5, 0=(-2350,508), 1=(-2350,762), 2=(-4762,762), 3=(-5000,1000), 4=(-5000,2500)
POLYLINE entity, line 2740
WARNING (002746): POLYLINE entity group 40 unknown/not supported - ignored.
WARNING (002748): POLYLINE entity group 41 unknown/not supported - ignored.
WARNING (002752): VERTEX entity group 8 unknown/not supported - ignored.
WARNING (002760): VERTEX entity group 8 unknown/not supported - ignored.
WARNING (002768): VERTEX entity group 8 unknown/not supported - ignored.
WARNING (002776): VERTEX entity group 8 unknown/not supported - ignored.
POLYLINE: layer="0", flags=0x00, #pts=4, 0=(-956,3641), 1=(-3683,3641), 2=(-3874,3451), 3=(-3874,2032)
POLYLINE entity, line 2786
WARNING (002792): POLYLINE entity group 40 unknown/not supported - ignored.
WARNING (002794): POLYLINE entity group 41 unknown/not supported - ignored.
WARNING (002798): VERTEX entity group 8 unknown/not supported - ignored.
WARNING (002806): VERTEX entity group 8 unknown/not supported - ignored.
WARNING (002814): VERTEX entity group 8 unknown/not supported - ignored.
WARNING (002822): VERTEX entity group 8 unknown/not supported - ignored.
POLYLINE: layer="0", flags=0x00, #pts=4, 0=(-698,3112), 1=(-698,3874), 2=(-5000,3874), 3=(-5000,3512)
POLYLINE entity, line 2832
WARNING (002838): POLYLINE entity group 40 unknown/not supported - ignored.
WARNING (002840): POLYLINE entity group 41 unknown/not supported - ignored.
WARNING (002844): VERTEX entity group 8 unknown/not supported - ignored.
WARNING (002852): VERTEX entity group 8 unknown/not supported - ignored.
WARNING (002860): VERTEX entity group 8 unknown/not supported - ignored.
WARNING (002868): VERTEX entity group 8 unknown/not supported - ignored.
WARNING (002876): VERTEX entity group 8 unknown/not supported - ignored.
POLYLINE: layer="0", flags=0x00, #pts=5, 0=(-1334,2032), 1=(-1334,2286), 2=(-889,2286), 3=(-698,2476), 4=(-698,3112)
POLYLINE entity, line 2886
WARNING (002892): POLYLINE entity group 40 unknown/not supported - ignored.
WARNING (002894): POLYLINE entity group 41 unknown/not supported - ignored.
WARNING (002898): VERTEX entity group 8 unknown/not supported - ignored.
WARNING (002906): VERTEX entity group 8 unknown/not supported - ignored.
POLYLINE: layer="0", flags=0x00, #pts=2, 0=(-889,3112), 1=(-698,3112)
POLYLINE entity, line 2916
WARNING (002922): POLYLINE entity group 40 unknown/not supported - ignored.
WARNING (002924): POLYLINE entity group 41 unknown/not supported - ignored.
WARNING (002928): VERTEX entity group 8 unknown/not supported - ignored.
WARNING (002936): VERTEX entity group 8 unknown/not supported - ignored.
WARNING (002944): VERTEX entity group 8 unknown/not supported - ignored.
POLYLINE: layer="0", flags=0x00, #pts=3, 0=(-956,3133), 1=(-3228,3133), 2=(-3228,2733)
POLYLINE entity, line 2954
WARNING (002960): POLYLINE entity group 40 unknown/not supported - ignored.
WARNING (002962): POLYLINE entity group 41 unknown/not supported - ignored.
WARNING (002966): VERTEX entity group 8 unknown/not supported - ignored.
WARNING (002974): VERTEX entity group 8 unknown/not supported - ignored.
WARNING (002982): VERTEX entity group 8 unknown/not supported - ignored.
POLYLINE: layer="0", flags=0x00, #pts=3, 0=(-956,3133), 1=(-956,3112), 2=(-889,3112)
POLYLINE entity, line 2992
WARNING (002998): POLYLINE entity group 40 unknown/not supported - ignored.
WARNING (003000): POLYLINE entity group 41 unknown/not supported - ignored.
WARNING (003004): VERTEX entity group 8 unknown/not supported - ignored.
WARNING (003012): VERTEX entity group 8 unknown/not supported - ignored.
WARNING (003020): VERTEX entity group 8 unknown/not supported - ignored.
WARNING (003028): VERTEX entity group 8 unknown/not supported - ignored.
WARNING (003036): VERTEX entity group 8 unknown/not supported - ignored.
WARNING (003044): VERTEX entity group 8 unknown/not supported - ignored.
WARNING (003052): VERTEX entity group 8 unknown/not supported - ignored.
POLYLINE: layer="0", flags=0x00, #pts=7, 0=(-5000,2750), 1=(-4762,2750), 2=(-4762,1334), 3=(-4572,1143), 4=(-1524,1143), 5=(-1334,952), 6=(-1334,508)
POLYLINE entity, line 3062
WARNING (003068): POLYLINE entity group 40 unknown/not supported - ignored.
WARNING (003070): POLYLINE entity group 41 unknown/not supported - ignored.
WARNING (003074): VERTEX entity group 8 unknown/not supported - ignored.
WARNING (003082): VERTEX entity group 8 unknown/not supported - ignored.
WARNING (003090): VERTEX entity group 8 unknown/not supported - ignored.
WARNING (003098): VERTEX entity group 8 unknown/not supported - ignored.
POLYLINE: layer="0", flags=0x00, #pts=4, 0=(-2720,2733), 1=(-2720,2413), 2=(-2604,2297), 3=(-2604,2032)
POLYLINE entity, line 3108
WARNING (003114): POLYLINE entity group 40 unknown/not supported - ignored.
WARNING (003116): POLYLINE entity group 41 unknown/not supported - ignored.
WARNING (003120): VERTEX entity group 8 unknown/not supported - ignored.
WARNING (003128): VERTEX entity group 8 unknown/not supported - ignored.
WARNING (003136): VERTEX entity group 8 unknown/not supported - ignored.
WARNING (003144): VERTEX entity group 8 unknown/not supported - ignored.
WARNING (003152): VERTEX entity group 8 unknown/not supported - ignored.
WARNING (003160): VERTEX entity group 8 unknown/not supported - ignored.
POLYLINE: layer="0", flags=0x00, #pts=6, 0=(-2858,2032), 1=(-2858,1714), 2=(-2476,1714), 3=(-2286,1905), 4=(-2286,2733), 5=(-2466,2733)
POLYLINE entity, line 3170
WARNING (003176): POLYLINE entity group 40 unknown/not supported - ignored.
WARNING (003178): POLYLINE entity group 41 unknown/not supported - ignored.
WARNING (003182): VERTEX entity group 8 unknown/not supported - ignored.
WARNING (003190): VERTEX entity group 8 unknown/not supported - ignored.
WARNING (003198): VERTEX entity group 8 unknown/not supported - ignored.
WARNING (003206): VERTEX entity group 8 unknown/not supported - ignored.
WARNING (003214): VERTEX entity group 8 unknown/not supported - ignored.
WARNING (003222): VERTEX entity group 8 unknown/not supported - ignored.
WARNING (003230): VERTEX entity group 8 unknown/not supported - ignored.
WARNING (003238): VERTEX entity group 8 unknown/not supported - ignored.
POLYLINE: layer="0", flags=0x00, #pts=8, 0=(-5000,3004), 1=(-5205,3004), 2=(-5205,508), 3=(-4982,286), 4=(-1143,286), 5=(-1143,318), 6=(-1080,318), 7=(-1080,508)
POLYLINE entity, line 3248
WARNING (003254): POLYLINE entity group 40 unknown/not supported - ignored.
WARNING (003256): POLYLINE entity group 41 unknown/not supported - ignored.
WARNING (003260): VERTEX entity group 8 unknown/not supported - ignored.
WARNING (003268): VERTEX entity group 8 unknown/not supported - ignored.
WARNING (003276): VERTEX entity group 8 unknown/not supported - ignored.
WARNING (003284): VERTEX entity group 8 unknown/not supported - ignored.
WARNING (003292): VERTEX entity group 8 unknown/not supported - ignored.
WARNING (003300): VERTEX entity group 8 unknown/not supported - ignored.
WARNING (003308): VERTEX entity group 8 unknown/not supported - ignored.
WARNING (003316): VERTEX entity group 8 unknown/not supported - ignored.
WARNING (003324): VERTEX entity group 8 unknown/not supported - ignored.
WARNING (003332): VERTEX entity group 8 unknown/not supported - ignored.
WARNING (003340): VERTEX entity group 8 unknown/not supported - ignored.
WARNING (003348): VERTEX entity group 8 unknown/not supported - ignored.
WARNING (003356): VERTEX entity group 8 unknown/not supported - ignored.
WARNING (003364): VERTEX entity group 8 unknown/not supported - ignored.
WARNING (003372): VERTEX entity group 8 unknown/not supported - ignored.
WARNING (003380): VERTEX entity group 8 unknown/not supported - ignored.
WARNING (003388): VERTEX entity group 8 unknown/not supported - ignored.
WARNING (003396): VERTEX entity group 8 unknown/not supported - ignored.
WARNING (003404): VERTEX entity group 8 unknown/not supported - ignored.
WARNING (003412): VERTEX entity group 8 unknown/not supported - ignored.
WARNING (003420): VERTEX entity group 8 unknown/not supported - ignored.
WARNING (003428): VERTEX entity group 8 unknown/not supported - ignored.
WARNING (003436): VERTEX entity group 8 unknown/not supported - ignored.
WARNING (003444): VERTEX entity group 8 unknown/not supported - ignored.
WARNING (003452): VERTEX entity group 8 unknown/not supported - ignored.
WARNING (003460): VERTEX entity group 8 unknown/not supported - ignored.
WARNING (003468): VERTEX entity group 8 unknown/not supported - ignored.
WARNING (003476): VERTEX entity group 8 unknown/not supported - ignored.
WARNING (003484): VERTEX entity group 8 unknown/not supported - ignored.
WARNING (003492): VERTEX entity group 8 unknown/not supported - ignored.
WARNING (003500): VERTEX entity group 8 unknown/not supported - ignored.
WARNING (003508): VERTEX entity group 8 unknown/not supported - ignored.
WARNING (003516): VERTEX entity group 8 unknown/not supported - ignored.
WARNING (003524): VERTEX entity group 8 unknown/not supported - ignored.
WARNING (003532): VERTEX entity group 8 unknown/not supported - ignored.
WARNING (003540): VERTEX entity group 8 unknown/not supported - ignored.
WARNING (003548): VERTEX entity group 8 unknown/not supported - ignored.
WARNING (003556): VERTEX entity group 8 unknown/not supported - ignored.
WARNING (003564): VERTEX entity group 8 unknown/not supported - ignored.
WARNING (003572): VERTEX entity group 8 unknown/not supported - ignored.
WARNING (003580): VERTEX entity group 8 unknown/not supported - ignored.
WARNING (003588): VERTEX entity group 8 unknown/not supported - ignored.
WARNING (003596): VERTEX entity group 8 unknown/not supported - ignored.
WARNING (003604): VERTEX entity group 8 unknown/not supported - ignored.
POLYLINE: layer="0", flags=0x00, #pts=44, 0=(-5206,3136), 1=(-5203,3136), 2=(-5203,3690), 3=(-4797,3690), 4=(-4797,3390), 5=(-4727,3390), 6=(-4440,3103), 7=(-4440,2235), 8=(-4204,2235), 9=(-4204,1847), 10=(-4051,1847), 11=(-4051,2235), 12=(-4006,2235), 13=(-4006,3505), 14=(-3738,3773), 15=(-1159,3773), 16=(-1159,3819), 17=(-753,3819), 18=(-753,2701), 19=(-1159,2701), 20=(-1159,2747), 21=(-1575,2747), 22=(-1709,2612), 23=(-1709,2235), 24=(-1664,2235), 25=(-1664,1829), 26=(-1709,1829), 27=(-1709,1660), 28=(-1977,1392), 29=(-4436,1392), 30=(-4630,1586), 31=(-4630,1388), 32=(-4517,1275), 33=(-1469,1275), 34=(-1201,1007), 35=(-1201,711), 36=(-902,711), 37=(-902,305), 38=(-947,305), 39=(-947,267), 40=(-594,267), 41=(-594,3897), 42=(-5206,3897), 43=(-5206,3136)
POLYLINE entity, line 3614
WARNING (003620): POLYLINE entity group 40 unknown/not supported - ignored.
WARNING (003622): POLYLINE entity group 41 unknown/not supported - ignored.
WARNING (003626): VERTEX entity group 8 unknown/not supported - ignored.
WARNING (003634): VERTEX entity group 8 unknown/not supported - ignored.
WARNING (003642): VERTEX entity group 8 unknown/not supported - ignored.
WARNING (003650): VERTEX entity group 8 unknown/not supported - ignored.
WARNING (003658): VERTEX entity group 8 unknown/not supported - ignored.
POLYLINE: layer="0", flags=0x00, #pts=5, 0=(-1511,1829), 1=(-902,1829), 2=(-902,2235), 3=(-1511,2235), 4=(-1511,1829)
POLYLINE entity, line 3668
WARNING (003674): POLYLINE entity group 40 unknown/not supported - ignored.
WARNING (003676): POLYLINE entity group 41 unknown/not supported - ignored.
WARNING (003680): VERTEX entity group 8 unknown/not supported - ignored.
WARNING (003688): VERTEX entity group 8 unknown/not supported - ignored.
WARNING (003696): VERTEX entity group 8 unknown/not supported - ignored.
WARNING (003704): VERTEX entity group 8 unknown/not supported - ignored.
WARNING (003712): VERTEX entity group 8 unknown/not supported - ignored.
WARNING (003720): VERTEX entity group 8 unknown/not supported - ignored.
WARNING (003728): VERTEX entity group 8 unknown/not supported - ignored.
WARNING (003736): VERTEX entity group 8 unknown/not supported - ignored.
WARNING (003744): VERTEX entity group 8 unknown/not supported - ignored.
WARNING (003752): VERTEX entity group 8 unknown/not supported - ignored.
WARNING (003760): VERTEX entity group 8 unknown/not supported - ignored.
WARNING (003768): VERTEX entity group 8 unknown/not supported - ignored.
WARNING (003776): VERTEX entity group 8 unknown/not supported - ignored.
WARNING (003784): VERTEX entity group 8 unknown/not supported - ignored.
WARNING (003792): VERTEX entity group 8 unknown/not supported - ignored.
WARNING (003800): VERTEX entity group 8 unknown/not supported - ignored.
WARNING (003808): VERTEX entity group 8 unknown/not supported - ignored.
WARNING (003816): VERTEX entity group 8 unknown/not supported - ignored.
WARNING (003824): VERTEX entity group 8 unknown/not supported - ignored.
WARNING (003832): VERTEX entity group 8 unknown/not supported - ignored.
WARNING (003840): VERTEX entity group 8 unknown/not supported - ignored.
WARNING (003848): VERTEX entity group 8 unknown/not supported - ignored.
WARNING (003856): VERTEX entity group 8 unknown/not supported - ignored.
WARNING (003864): VERTEX entity group 8 unknown/not supported - ignored.
WARNING (003872): VERTEX entity group 8 unknown/not supported - ignored.
WARNING (003880): VERTEX entity group 8 unknown/not supported - ignored.
WARNING (003888): VERTEX entity group 8 unknown/not supported - ignored.
POLYLINE: layer="0", flags=0x00, #pts=27, 0=(-3741,3396), 1=(-3741,2235), 2=(-3696,2235), 3=(-3696,2016), 4=(-3293,2418), 5=(-3230,2418), 6=(-3118,2530), 7=(-3406,2530), 8=(-3406,2936), 9=(-2288,2936), 10=(-2288,2865), 11=(-2231,2865), 12=(-2154,2788), 13=(-2154,1850), 14=(-2348,1656), 15=(-2087,1656), 16=(-1974,1769), 17=(-1974,1829), 18=(-2019,1829), 19=(-2019,2235), 20=(-1974,2235), 21=(-1974,2722), 22=(-1684,3011), 23=(-1159,3011), 24=(-1159,3509), 25=(-3628,3509), 26=(-3741,3396)
POLYLINE entity, line 3898
WARNING (003904): POLYLINE entity group 40 unknown/not supported - ignored.
WARNING (003906): POLYLINE entity group 41 unknown/not supported - ignored.
WARNING (003910): VERTEX entity group 8 unknown/not supported - ignored.
WARNING (003918): VERTEX entity group 8 unknown/not supported - ignored.
POLYLINE: layer="0", flags=0x00, #pts=2, 0=(-3228,2581), 1=(-3228,2733)
POLYLINE entity, line 3928
WARNING (003934): POLYLINE entity group 40 unknown/not supported - ignored.
WARNING (003936): POLYLINE entity group 41 unknown/not supported - ignored.
WARNING (003940): VERTEX entity group 8 unknown/not supported - ignored.
WARNING (003948): VERTEX entity group 8 unknown/not supported - ignored.
POLYLINE: layer="0", flags=0x00, #pts=2, 0=(-3355,2733), 1=(-3228,2733)
POLYLINE entity, line 3958
WARNING (003964): POLYLINE entity group 40 unknown/not supported - ignored.
WARNING (003966): POLYLINE entity group 41 unknown/not supported - ignored.
WARNING (003970): VERTEX entity group 8 unknown/not supported - ignored.
WARNING (003978): VERTEX entity group 8 unknown/not supported - ignored.
POLYLINE: layer="0", flags=0x00, #pts=2, 0=(-3228,2886), 1=(-3228,2733)
POLYLINE entity, line 3988
WARNING (003994): POLYLINE entity group 40 unknown/not supported - ignored.
WARNING (003996): POLYLINE entity group 41 unknown/not supported - ignored.
WARNING (004000): VERTEX entity group 8 unknown/not supported - ignored.
WARNING (004008): VERTEX entity group 8 unknown/not supported - ignored.
POLYLINE: layer="0", flags=0x00, #pts=2, 0=(-1108,3133), 1=(-956,3133)
POLYLINE entity, line 4018
WARNING (004024): POLYLINE entity group 40 unknown/not supported - ignored.
WARNING (004026): POLYLINE entity group 41 unknown/not supported - ignored.
WARNING (004030): VERTEX entity group 8 unknown/not supported - ignored.
WARNING (004038): VERTEX entity group 8 unknown/not supported - ignored.
POLYLINE: layer="0", flags=0x00, #pts=2, 0=(-803,3133), 1=(-956,3133)
POLYLINE entity, line 4048
WARNING (004054): POLYLINE entity group 40 unknown/not supported - ignored.
WARNING (004056): POLYLINE entity group 41 unknown/not supported - ignored.
WARNING (004060): VERTEX entity group 8 unknown/not supported - ignored.
WARNING (004068): VERTEX entity group 8 unknown/not supported - ignored.
POLYLINE: layer="0", flags=0x00, #pts=2, 0=(-5152,3512), 1=(-5000,3512)
POLYLINE entity, line 4078
WARNING (004084): POLYLINE entity group 40 unknown/not supported - ignored.
WARNING (004086): POLYLINE entity group 41 unknown/not supported - ignored.
WARNING (004090): VERTEX entity group 8 unknown/not supported - ignored.
WARNING (004098): VERTEX entity group 8 unknown/not supported - ignored.
POLYLINE: layer="0", flags=0x00, #pts=2, 0=(-5000,3639), 1=(-5000,3512)
POLYLINE entity, line 4108
WARNING (004114): POLYLINE entity group 40 unknown/not supported - ignored.
WARNING (004116): POLYLINE entity group 41 unknown/not supported - ignored.
WARNING (004120): VERTEX entity group 8 unknown/not supported - ignored.
WARNING (004128): VERTEX entity group 8 unknown/not supported - ignored.
POLYLINE: layer="0", flags=0x00, #pts=2, 0=(-4848,3512), 1=(-5000,3512)
POLYLINE entity, line 4138
WARNING (004144): POLYLINE entity group 40 unknown/not supported - ignored.
WARNING (004146): POLYLINE entity group 41 unknown/not supported - ignored.
WARNING (004150): VERTEX entity group 8 unknown/not supported - ignored.
WARNING (004158): VERTEX entity group 8 unknown/not supported - ignored.
POLYLINE: layer="0", flags=0x00, #pts=2, 0=(-1334,1880), 1=(-1334,2032)
POLYLINE entity, line 4168
WARNING (004174): POLYLINE entity group 40 unknown/not supported - ignored.
WARNING (004176): POLYLINE entity group 41 unknown/not supported - ignored.
WARNING (004180): VERTEX entity group 8 unknown/not supported - ignored.
WARNING (004188): VERTEX entity group 8 unknown/not supported - ignored.
POLYLINE: layer="0", flags=0x00, #pts=2, 0=(-1461,2032), 1=(-1334,2032)
POLYLINE entity, line 4198
WARNING (004204): POLYLINE entity group 40 unknown/not supported - ignored.
WARNING (004206): POLYLINE entity group 41 unknown/not supported - ignored.
WARNING (004210): VERTEX entity group 8 unknown/not supported - ignored.
WARNING (004218): VERTEX entity group 8 unknown/not supported - ignored.
POLYLINE: layer="0", flags=0x00, #pts=2, 0=(-1334,2184), 1=(-1334,2032)
POLYLINE entity, line 4228
WARNING (004236): POLYLINE entity group 40 unknown/not supported - ignored.
WARNING (004238): POLYLINE entity group 41 unknown/not supported - ignored.
WARNING (004242): VERTEX entity group 8 unknown/not supported - ignored.
WARNING (004250): VERTEX entity group 8 unknown/not supported - ignored.
WARNING (004258): VERTEX entity group 8 unknown/not supported - ignored.
WARNING (004266): VERTEX entity group 8 unknown/not supported - ignored.
WARNING (004274): VERTEX entity group 8 unknown/not supported - ignored.
WARNING (004282): VERTEX entity group 8 unknown/not supported - ignored.
WARNING (004290): VERTEX entity group 8 unknown/not supported - ignored.
WARNING (004298): VERTEX entity group 8 unknown/not supported - ignored.
WARNING (004306): VERTEX entity group 8 unknown/not supported - ignored.
POLYLINE: layer="0", flags=0x01, #pts=10, 0=(-2364,2830), 1=(-2395,2860), 2=(-2537,2860), 3=(-2568,2830), 4=(-2568,2637), 5=(-2537,2606), 6=(-2395,2606), 7=(-2364,2637), 8=(-2364,2830), 9=(-2364,2830)
CIRCLE entity, line 4316
CIRCLE: layer="0", c=(-2466,2733), r=100
POLYLINE entity, line 4326
WARNING (004334): POLYLINE entity group 40 unknown/not supported - ignored.
WARNING (004336): POLYLINE entity group 41 unknown/not supported - ignored.
WARNING (004340): VERTEX entity group 8 unknown/not supported - ignored.
WARNING (004348): VERTEX entity group 8 unknown/not supported - ignored.
WARNING (004356): VERTEX entity group 8 unknown/not supported - ignored.
WARNING (004364): VERTEX entity group 8 unknown/not supported - ignored.
WARNING (004372): VERTEX entity group 8 unknown/not supported - ignored.
WARNING (004380): VERTEX entity group 8 unknown/not supported - ignored.
WARNING (004388): VERTEX entity group 8 unknown/not supported - ignored.
WARNING (004396): VERTEX entity group 8 unknown/not supported - ignored.
WARNING (004404): VERTEX entity group 8 unknown/not supported - ignored.
POLYLINE: layer="0", flags=0x01, #pts=10, 0=(-2618,2830), 1=(-2649,2860), 2=(-2791,2860), 3=(-2822,2830), 4=(-2822,2637), 5=(-2791,2606), 6=(-2649,2606), 7=(-2618,2637), 8=(-2618,2830), 9=(-2618,2830)
CIRCLE entity, line 4414
CIRCLE: layer="0", c=(-2720,2733), r=100
POLYLINE entity, line 4424
WARNING (004432): POLYLINE entity group 40 unknown/not supported - ignored.
WARNING (004434): POLYLINE entity group 41 unknown/not supported - ignored.
WARNING (004438): VERTEX entity group 8 unknown/not supported - ignored.
WARNING (004446): VERTEX entity group 8 unknown/not supported - ignored.
WARNING (004454): VERTEX entity group 8 unknown/not supported - ignored.
WARNING (004462): VERTEX entity group 8 unknown/not supported - ignored.
WARNING (004470): VERTEX entity group 8 unknown/not supported - ignored.
WARNING (004478): VERTEX entity group 8 unknown/not supported - ignored.
WARNING (004486): VERTEX entity group 8 unknown/not supported - ignored.
WARNING (004494): VERTEX entity group 8 unknown/not supported - ignored.
WARNING (004502): VERTEX entity group 8 unknown/not supported - ignored.
POLYLINE: layer="0", flags=0x01, #pts=10, 0=(-2872,2830), 1=(-2903,2860), 2=(-3045,2860), 3=(-3076,2830), 4=(-3076,2637), 5=(-3045,2606), 6=(-2903,2606), 7=(-2872,2637), 8=(-2872,2830), 9=(-2872,2830)
CIRCLE entity, line 4512
CIRCLE: layer="0", c=(-2974,2733), r=100
POLYLINE entity, line 4522
WARNING (004530): POLYLINE entity group 40 unknown/not supported - ignored.
WARNING (004532): POLYLINE entity group 41 unknown/not supported - ignored.
WARNING (004536): VERTEX entity group 8 unknown/not supported - ignored.
WARNING (004544): VERTEX entity group 8 unknown/not supported - ignored.
WARNING (004552): VERTEX entity group 8 unknown/not supported - ignored.
WARNING (004560): VERTEX entity group 8 unknown/not supported - ignored.
WARNING (004568): VERTEX entity group 8 unknown/not supported - ignored.
WARNING (004576): VERTEX entity group 8 unknown/not supported - ignored.
WARNING (004584): VERTEX entity group 8 unknown/not supported - ignored.
WARNING (004592): VERTEX entity group 8 unknown/not supported - ignored.
WARNING (004600): VERTEX entity group 8 unknown/not supported - ignored.
POLYLINE: layer="0", flags=0x01, #pts=10, 0=(-3126,2830), 1=(-3157,2860), 2=(-3299,2860), 3=(-3330,2830), 4=(-3330,2637), 5=(-3299,2606), 6=(-3157,2606), 7=(-3126,2637), 8=(-3126,2830), 9=(-3126,2830)
CIRCLE entity, line 4610
CIRCLE: layer="0", c=(-3228,2733), r=100
POLYLINE entity, line 4620
WARNING (004628): POLYLINE entity group 40 unknown/not supported - ignored.
WARNING (004630): POLYLINE entity group 41 unknown/not supported - ignored.
WARNING (004634): VERTEX entity group 8 unknown/not supported - ignored.
WARNING (004642): VERTEX entity group 8 unknown/not supported - ignored.
WARNING (004650): VERTEX entity group 8 unknown/not supported - ignored.
WARNING (004658): VERTEX entity group 8 unknown/not supported - ignored.
WARNING (004666): VERTEX entity group 8 unknown/not supported - ignored.
WARNING (004674): VERTEX entity group 8 unknown/not supported - ignored.
WARNING (004682): VERTEX entity group 8 unknown/not supported - ignored.
WARNING (004690): VERTEX entity group 8 unknown/not supported - ignored.
WARNING (004698): VERTEX entity group 8 unknown/not supported - ignored.
POLYLINE: layer="0", flags=0x01, #pts=10, 0=(-859,2778), 1=(-829,2808), 2=(-829,2950), 3=(-859,2981), 4=(-1052,2981), 5=(-1083,2950), 6=(-1083,2808), 7=(-1052,2778), 8=(-859,2778), 9=(-859,2778)
CIRCLE entity, line 4708
CIRCLE: layer="0", c=(-956,2879), r=100
POLYLINE entity, line 4718
WARNING (004726): POLYLINE entity group 40 unknown/not supported - ignored.
WARNING (004728): POLYLINE entity group 41 unknown/not supported - ignored.
WARNING (004732): VERTEX entity group 8 unknown/not supported - ignored.
WARNING (004740): VERTEX entity group 8 unknown/not supported - ignored.
WARNING (004748): VERTEX entity group 8 unknown/not supported - ignored.
WARNING (004756): VERTEX entity group 8 unknown/not supported - ignored.
WARNING (004764): VERTEX entity group 8 unknown/not supported - ignored.
WARNING (004772): VERTEX entity group 8 unknown/not supported - ignored.
WARNING (004780): VERTEX entity group 8 unknown/not supported - ignored.
WARNING (004788): VERTEX entity group 8 unknown/not supported - ignored.
WARNING (004796): VERTEX entity group 8 unknown/not supported - ignored.
POLYLINE: layer="0", flags=0x01, #pts=10, 0=(-859,3032), 1=(-829,3062), 2=(-829,3204), 3=(-859,3235), 4=(-1052,3235), 5=(-1083,3204), 6=(-1083,3062), 7=(-1052,3032), 8=(-859,3032), 9=(-859,3032)
CIRCLE entity, line 4806
CIRCLE: layer="0", c=(-956,3133), r=100
POLYLINE entity, line 4816
WARNING (004824): POLYLINE entity group 40 unknown/not supported - ignored.
WARNING (004826): POLYLINE entity group 41 unknown/not supported - ignored.
WARNING (004830): VERTEX entity group 8 unknown/not supported - ignored.
WARNING (004838): VERTEX entity group 8 unknown/not supported - ignored.
WARNING (004846): VERTEX entity group 8 unknown/not supported - ignored.
WARNING (004854): VERTEX entity group 8 unknown/not supported - ignored.
WARNING (004862): VERTEX entity group 8 unknown/not supported - ignored.
WARNING (004870): VERTEX entity group 8 unknown/not supported - ignored.
WARNING (004878): VERTEX entity group 8 unknown/not supported - ignored.
WARNING (004886): VERTEX entity group 8 unknown/not supported - ignored.
WARNING (004894): VERTEX entity group 8 unknown/not supported - ignored.
POLYLINE: layer="0", flags=0x01, #pts=10, 0=(-859,3286), 1=(-829,3316), 2=(-829,3458), 3=(-859,3489), 4=(-1052,3489), 5=(-1083,3458), 6=(-1083,3316), 7=(-1052,3286), 8=(-859,3286), 9=(-859,3286)
CIRCLE entity, line 4904
CIRCLE: layer="0", c=(-956,3387), r=100
POLYLINE entity, line 4914
WARNING (004922): POLYLINE entity group 40 unknown/not supported - ignored.
WARNING (004924): POLYLINE entity group 41 unknown/not supported - ignored.
WARNING (004928): VERTEX entity group 8 unknown/not supported - ignored.
WARNING (004936): VERTEX entity group 8 unknown/not supported - ignored.
WARNING (004944): VERTEX entity group 8 unknown/not supported - ignored.
WARNING (004952): VERTEX entity group 8 unknown/not supported - ignored.
WARNING (004960): VERTEX entity group 8 unknown/not supported - ignored.
WARNING (004968): VERTEX entity group 8 unknown/not supported - ignored.
WARNING (004976): VERTEX entity group 8 unknown/not supported - ignored.
WARNING (004984): VERTEX entity group 8 unknown/not supported - ignored.
WARNING (004992): VERTEX entity group 8 unknown/not supported - ignored.
POLYLINE: layer="0", flags=0x01, #pts=10, 0=(-859,3540), 1=(-829,3570), 2=(-829,3712), 3=(-859,3743), 4=(-1052,3743), 5=(-1083,3712), 6=(-1083,3570), 7=(-1052,3540), 8=(-859,3540), 9=(-859,3540)
CIRCLE entity, line 5002
CIRCLE: layer="0", c=(-956,3641), r=100
POLYLINE entity, line 5012
WARNING (005020): POLYLINE entity group 40 unknown/not supported - ignored.
WARNING (005022): POLYLINE entity group 41 unknown/not supported - ignored.
WARNING (005026): VERTEX entity group 8 unknown/not supported - ignored.
WARNING (005034): VERTEX entity group 8 unknown/not supported - ignored.
WARNING (005042): VERTEX entity group 8 unknown/not supported - ignored.
WARNING (005050): VERTEX entity group 8 unknown/not supported - ignored.
WARNING (005058): VERTEX entity group 8 unknown/not supported - ignored.
WARNING (005066): VERTEX entity group 8 unknown/not supported - ignored.
WARNING (005074): VERTEX entity group 8 unknown/not supported - ignored.
WARNING (005082): VERTEX entity group 8 unknown/not supported - ignored.
WARNING (005090): VERTEX entity group 8 unknown/not supported - ignored.
POLYLINE: layer="0", flags=0x01, #pts=10, 0=(-4903,2398), 1=(-4873,2429), 2=(-4873,2571), 3=(-4903,2602), 4=(-5097,2602), 5=(-5127,2571), 6=(-5127,2429), 7=(-5097,2398), 8=(-4903,2398), 9=(-4903,2398)
CIRCLE entity, line 5100
CIRCLE: layer="0", c=(-5000,2500), r=100
POLYLINE entity, line 5110
WARNING (005118): POLYLINE entity group 40 unknown/not supported - ignored.
WARNING (005120): POLYLINE entity group 41 unknown/not supported - ignored.
WARNING (005124): VERTEX entity group 8 unknown/not supported - ignored.
WARNING (005132): VERTEX entity group 8 unknown/not supported - ignored.
WARNING (005140): VERTEX entity group 8 unknown/not supported - ignored.
WARNING (005148): VERTEX entity group 8 unknown/not supported - ignored.
WARNING (005156): VERTEX entity group 8 unknown/not supported - ignored.
WARNING (005164): VERTEX entity group 8 unknown/not supported - ignored.
WARNING (005172): VERTEX entity group 8 unknown/not supported - ignored.
WARNING (005180): VERTEX entity group 8 unknown/not supported - ignored.
WARNING (005188): VERTEX entity group 8 unknown/not supported - ignored.
POLYLINE: layer="0", flags=0x01, #pts=10, 0=(-4903,2648), 1=(-4873,2679), 2=(-4873,2821), 3=(-4903,2852), 4=(-5097,2852), 5=(-5127,2821), 6=(-5127,2679), 7=(-5097,2648), 8=(-4903,2648), 9=(-4903,2648)
CIRCLE entity, line 5198
CIRCLE: layer="0", c=(-5000,2750), r=100
POLYLINE entity, line 5208
WARNING (005216): POLYLINE entity group 40 unknown/not supported - ignored.
WARNING (005218): POLYLINE entity group 41 unknown/not supported - ignored.
WARNING (005222): VERTEX entity group 8 unknown/not supported - ignored.
WARNING (005230): VERTEX entity group 8 unknown/not supported - ignored.
WARNING (005238): VERTEX entity group 8 unknown/not supported - ignored.
WARNING (005246): VERTEX entity group 8 unknown/not supported - ignored.
WARNING (005254): VERTEX entity group 8 unknown/not supported - ignored.
WARNING (005262): VERTEX entity group 8 unknown/not supported - ignored.
WARNING (005270): VERTEX entity group 8 unknown/not supported - ignored.
WARNING (005278): VERTEX entity group 8 unknown/not supported - ignored.
WARNING (005286): VERTEX entity group 8 unknown/not supported - ignored.
POLYLINE: layer="0", flags=0x01, #pts=10, 0=(-4903,2902), 1=(-4873,2933), 2=(-4873,3075), 3=(-4903,3106), 4=(-5097,3106), 5=(-5127,3075), 6=(-5127,2933), 7=(-5097,2902), 8=(-4903,2902), 9=(-4903,2902)
CIRCLE entity, line 5296
CIRCLE: layer="0", c=(-5000,3004), r=100
POLYLINE entity, line 5306
WARNING (005314): POLYLINE entity group 40 unknown/not supported - ignored.
WARNING (005316): POLYLINE entity group 41 unknown/not supported - ignored.
WARNING (005320): VERTEX entity group 8 unknown/not supported - ignored.
WARNING (005328): VERTEX entity group 8 unknown/not supported - ignored.
WARNING (005336): VERTEX entity group 8 unknown/not supported - ignored.
WARNING (005344): VERTEX entity group 8 unknown/not supported - ignored.
WARNING (005352): VERTEX entity group 8 unknown/not supported - ignored.
WARNING (005360): VERTEX entity group 8 unknown/not supported - ignored.
WARNING (005368): VERTEX entity group 8 unknown/not supported - ignored.
WARNING (005376): VERTEX entity group 8 unknown/not supported - ignored.
WARNING (005384): VERTEX entity group 8 unknown/not supported - ignored.
POLYLINE: layer="0", flags=0x01, #pts=10, 0=(-4903,3156), 1=(-4873,3187), 2=(-4873,3329), 3=(-4903,3360), 4=(-5097,3360), 5=(-5127,3329), 6=(-5127,3187), 7=(-5097,3156), 8=(-4903,3156), 9=(-4903,3156)
CIRCLE entity, line 5394
CIRCLE: layer="0", c=(-5000,3258), r=100
POLYLINE entity, line 5404
WARNING (005412): POLYLINE entity group 40 unknown/not supported - ignored.
WARNING (005414): POLYLINE entity group 41 unknown/not supported - ignored.
WARNING (005418): VERTEX entity group 8 unknown/not supported - ignored.
WARNING (005426): VERTEX entity group 8 unknown/not supported - ignored.
WARNING (005434): VERTEX entity group 8 unknown/not supported - ignored.
WARNING (005442): VERTEX entity group 8 unknown/not supported - ignored.
WARNING (005450): VERTEX entity group 8 unknown/not supported - ignored.
WARNING (005458): VERTEX entity group 8 unknown/not supported - ignored.
WARNING (005466): VERTEX entity group 8 unknown/not supported - ignored.
WARNING (005474): VERTEX entity group 8 unknown/not supported - ignored.
WARNING (005482): VERTEX entity group 8 unknown/not supported - ignored.
POLYLINE: layer="0", flags=0x01, #pts=10, 0=(-4903,3410), 1=(-4873,3441), 2=(-4873,3583), 3=(-4903,3614), 4=(-5097,3614), 5=(-5127,3583), 6=(-5127,3441), 7=(-5097,3410), 8=(-4903,3410), 9=(-4903,3410)
CIRCLE entity, line 5492
CIRCLE: layer="0", c=(-5000,3512), r=100
POLYLINE entity, line 5502
WARNING (005510): POLYLINE entity group 40 unknown/not supported - ignored.
WARNING (005512): POLYLINE entity group 41 unknown/not supported - ignored.
WARNING (005516): VERTEX entity group 8 unknown/not supported - ignored.
WARNING (005524): VERTEX entity group 8 unknown/not supported - ignored.
WARNING (005532): VERTEX entity group 8 unknown/not supported - ignored.
WARNING (005540): VERTEX entity group 8 unknown/not supported - ignored.
WARNING (005548): VERTEX entity group 8 unknown/not supported - ignored.
WARNING (005556): VERTEX entity group 8 unknown/not supported - ignored.
WARNING (005564): VERTEX entity group 8 unknown/not supported - ignored.
WARNING (005572): VERTEX entity group 8 unknown/not supported - ignored.
WARNING (005580): VERTEX entity group 8 unknown/not supported - ignored.
POLYLINE: layer="0", flags=0x01, #pts=10, 0=(-978,605), 1=(-1008,635), 2=(-1151,635), 3=(-1181,605), 4=(-1181,411), 5=(-1151,381), 6=(-1008,381), 7=(-978,411), 8=(-978,605), 9=(-978,605)
CIRCLE entity, line 5590
CIRCLE: layer="0", c=(-1080,508), r=100
POLYLINE entity, line 5600
WARNING (005608): POLYLINE entity group 40 unknown/not supported - ignored.
WARNING (005610): POLYLINE entity group 41 unknown/not supported - ignored.
WARNING (005614): VERTEX entity group 8 unknown/not supported - ignored.
WARNING (005622): VERTEX entity group 8 unknown/not supported - ignored.
WARNING (005630): VERTEX entity group 8 unknown/not supported - ignored.
WARNING (005638): VERTEX entity group 8 unknown/not supported - ignored.
WARNING (005646): VERTEX entity group 8 unknown/not supported - ignored.
WARNING (005654): VERTEX entity group 8 unknown/not supported - ignored.
WARNING (005662): VERTEX entity group 8 unknown/not supported - ignored.
WARNING (005670): VERTEX entity group 8 unknown/not supported - ignored.
WARNING (005678): VERTEX entity group 8 unknown/not supported - ignored.
POLYLINE: layer="0", flags=0x01, #pts=10, 0=(-1232,605), 1=(-1262,635), 2=(-1405,635), 3=(-1435,605), 4=(-1435,411), 5=(-1405,381), 6=(-1262,381), 7=(-1232,411), 8=(-1232,605), 9=(-1232,605)
CIRCLE entity, line 5688
CIRCLE: layer="0", c=(-1334,508), r=100
POLYLINE entity, line 5698
WARNING (005706): POLYLINE entity group 40 unknown/not supported - ignored.
WARNING (005708): POLYLINE entity group 41 unknown/not supported - ignored.
WARNING (005712): VERTEX entity group 8 unknown/not supported - ignored.
WARNING (005720): VERTEX entity group 8 unknown/not supported - ignored.
WARNING (005728): VERTEX entity group 8 unknown/not supported - ignored.
WARNING (005736): VERTEX entity group 8 unknown/not supported - ignored.
WARNING (005744): VERTEX entity group 8 unknown/not supported - ignored.
WARNING (005752): VERTEX entity group 8 unknown/not supported - ignored.
WARNING (005760): VERTEX entity group 8 unknown/not supported - ignored.
WARNING (005768): VERTEX entity group 8 unknown/not supported - ignored.
WARNING (005776): VERTEX entity group 8 unknown/not supported - ignored.
POLYLINE: layer="0", flags=0x01, #pts=10, 0=(-1740,605), 1=(-1770,635), 2=(-1913,635), 3=(-1943,605), 4=(-1943,411), 5=(-1913,381), 6=(-1770,381), 7=(-1740,411), 8=(-1740,605), 9=(-1740,605)
CIRCLE entity, line 5786
CIRCLE: layer="0", c=(-1842,508), r=100
POLYLINE entity, line 5796
WARNING (005804): POLYLINE entity group 40 unknown/not supported - ignored.
WARNING (005806): POLYLINE entity group 41 unknown/not supported - ignored.
WARNING (005810): VERTEX entity group 8 unknown/not supported - ignored.
WARNING (005818): VERTEX entity group 8 unknown/not supported - ignored.
WARNING (005826): VERTEX entity group 8 unknown/not supported - ignored.
WARNING (005834): VERTEX entity group 8 unknown/not supported - ignored.
WARNING (005842): VERTEX entity group 8 unknown/not supported - ignored.
WARNING (005850): VERTEX entity group 8 unknown/not supported - ignored.
WARNING (005858): VERTEX entity group 8 unknown/not supported - ignored.
WARNING (005866): VERTEX entity group 8 unknown/not supported - ignored.
WARNING (005874): VERTEX entity group 8 unknown/not supported - ignored.
POLYLINE: layer="0", flags=0x01, #pts=10, 0=(-2248,605), 1=(-2278,635), 2=(-2421,635), 3=(-2451,605), 4=(-2451,411), 5=(-2421,381), 6=(-2278,381), 7=(-2248,411), 8=(-2248,605), 9=(-2248,605)
CIRCLE entity, line 5884
CIRCLE: layer="0", c=(-2350,508), r=100
POLYLINE entity, line 5894
WARNING (005902): POLYLINE entity group 40 unknown/not supported - ignored.
WARNING (005904): POLYLINE entity group 41 unknown/not supported - ignored.
WARNING (005908): VERTEX entity group 8 unknown/not supported - ignored.
WARNING (005916): VERTEX entity group 8 unknown/not supported - ignored.
WARNING (005924): VERTEX entity group 8 unknown/not supported - ignored.
WARNING (005932): VERTEX entity group 8 unknown/not supported - ignored.
WARNING (005940): VERTEX entity group 8 unknown/not supported - ignored.
WARNING (005948): VERTEX entity group 8 unknown/not supported - ignored.
WARNING (005956): VERTEX entity group 8 unknown/not supported - ignored.
WARNING (005964): VERTEX entity group 8 unknown/not supported - ignored.
WARNING (005972): VERTEX entity group 8 unknown/not supported - ignored.
POLYLINE: layer="0", flags=0x01, #pts=10, 0=(-4534,605), 1=(-4564,635), 2=(-4707,635), 3=(-4737,605), 4=(-4737,411), 5=(-4707,381), 6=(-4564,381), 7=(-4534,411), 8=(-4534,605), 9=(-4534,605)
CIRCLE entity, line 5982
CIRCLE: layer="0", c=(-4636,508), r=100
POLYLINE entity, line 5992
WARNING (006000): POLYLINE entity group 40 unknown/not supported - ignored.
WARNING (006002): POLYLINE entity group 41 unknown/not supported - ignored.
WARNING (006006): VERTEX entity group 8 unknown/not supported - ignored.
WARNING (006014): VERTEX entity group 8 unknown/not supported - ignored.
WARNING (006022): VERTEX entity group 8 unknown/not supported - ignored.
WARNING (006030): VERTEX entity group 8 unknown/not supported - ignored.
WARNING (006038): VERTEX entity group 8 unknown/not supported - ignored.
WARNING (006046): VERTEX entity group 8 unknown/not supported - ignored.
WARNING (006054): VERTEX entity group 8 unknown/not supported - ignored.
WARNING (006062): VERTEX entity group 8 unknown/not supported - ignored.
WARNING (006070): VERTEX entity group 8 unknown/not supported - ignored.
POLYLINE: layer="0", flags=0x01, #pts=10, 0=(-4280,2129), 1=(-4310,2159), 2=(-4453,2159), 3=(-4483,2129), 4=(-4483,1935), 5=(-4453,1905), 6=(-4310,1905), 7=(-4280,1935), 8=(-4280,2129), 9=(-4280,2129)
CIRCLE entity, line 6080
CIRCLE: layer="0", c=(-4382,2032), r=100
POLYLINE entity, line 6090
WARNING (006098): POLYLINE entity group 40 unknown/not supported - ignored.
WARNING (006100): POLYLINE entity group 41 unknown/not supported - ignored.
WARNING (006104): VERTEX entity group 8 unknown/not supported - ignored.
WARNING (006112): VERTEX entity group 8 unknown/not supported - ignored.
WARNING (006120): VERTEX entity group 8 unknown/not supported - ignored.
WARNING (006128): VERTEX entity group 8 unknown/not supported - ignored.
WARNING (006136): VERTEX entity group 8 unknown/not supported - ignored.
WARNING (006144): VERTEX entity group 8 unknown/not supported - ignored.
WARNING (006152): VERTEX entity group 8 unknown/not supported - ignored.
WARNING (006160): VERTEX entity group 8 unknown/not supported - ignored.
WARNING (006168): VERTEX entity group 8 unknown/not supported - ignored.
POLYLINE: layer="0", flags=0x01, #pts=10, 0=(-3772,2129), 1=(-3802,2159), 2=(-3945,2159), 3=(-3975,2129), 4=(-3975,1935), 5=(-3945,1905), 6=(-3802,1905), 7=(-3772,1935), 8=(-3772,2129), 9=(-3772,2129)
CIRCLE entity, line 6178
CIRCLE: layer="0", c=(-3874,2032), r=100
POLYLINE entity, line 6188
WARNING (006196): POLYLINE entity group 40 unknown/not supported - ignored.
WARNING (006198): POLYLINE entity group 41 unknown/not supported - ignored.
WARNING (006202): VERTEX entity group 8 unknown/not supported - ignored.
WARNING (006210): VERTEX entity group 8 unknown/not supported - ignored.
WARNING (006218): VERTEX entity group 8 unknown/not supported - ignored.
WARNING (006226): VERTEX entity group 8 unknown/not supported - ignored.
WARNING (006234): VERTEX entity group 8 unknown/not supported - ignored.
WARNING (006242): VERTEX entity group 8 unknown/not supported - ignored.
WARNING (006250): VERTEX entity group 8 unknown/not supported - ignored.
WARNING (006258): VERTEX entity group 8 unknown/not supported - ignored.
WARNING (006266): VERTEX entity group 8 unknown/not supported - ignored.
POLYLINE: layer="0", flags=0x01, #pts=10, 0=(-2756,2129), 1=(-2786,2159), 2=(-2929,2159), 3=(-2959,2129), 4=(-2959,1935), 5=(-2929,1905), 6=(-2786,1905), 7=(-2756,1935), 8=(-2756,2129), 9=(-2756,2129)
CIRCLE entity, line 6276
CIRCLE: layer="0", c=(-2858,2032), r=100
POLYLINE entity, line 6286
WARNING (006294): POLYLINE entity group 40 unknown/not supported - ignored.
WARNING (006296): POLYLINE entity group 41 unknown/not supported - ignored.
WARNING (006300): VERTEX entity group 8 unknown/not supported - ignored.
WARNING (006308): VERTEX entity group 8 unknown/not supported - ignored.
WARNING (006316): VERTEX entity group 8 unknown/not supported - ignored.
WARNING (006324): VERTEX entity group 8 unknown/not supported - ignored.
WARNING (006332): VERTEX entity group 8 unknown/not supported - ignored.
WARNING (006340): VERTEX entity group 8 unknown/not supported - ignored.
WARNING (006348): VERTEX entity group 8 unknown/not supported - ignored.
WARNING (006356): VERTEX entity group 8 unknown/not supported - ignored.
WARNING (006364): VERTEX entity group 8 unknown/not supported - ignored.
POLYLINE: layer="0", flags=0x01, #pts=10, 0=(-2502,2129), 1=(-2532,2159), 2=(-2675,2159), 3=(-2705,2129), 4=(-2705,1935), 5=(-2675,1905), 6=(-2532,1905), 7=(-2502,1935), 8=(-2502,2129), 9=(-2502,2129)
CIRCLE entity, line 6374
CIRCLE: layer="0", c=(-2604,2032), r=100
POLYLINE entity, line 6384
WARNING (006392): POLYLINE entity group 40 unknown/not supported - ignored.
WARNING (006394): POLYLINE entity group 41 unknown/not supported - ignored.
WARNING (006398): VERTEX entity group 8 unknown/not supported - ignored.
WARNING (006406): VERTEX entity group 8 unknown/not supported - ignored.
WARNING (006414): VERTEX entity group 8 unknown/not supported - ignored.
WARNING (006422): VERTEX entity group 8 unknown/not supported - ignored.
WARNING (006430): VERTEX entity group 8 unknown/not supported - ignored.
WARNING (006438): VERTEX entity group 8 unknown/not supported - ignored.
WARNING (006446): VERTEX entity group 8 unknown/not supported - ignored.
WARNING (006454): VERTEX entity group 8 unknown/not supported - ignored.
WARNING (006462): VERTEX entity group 8 unknown/not supported - ignored.
POLYLINE: layer="0", flags=0x01, #pts=10, 0=(-1740,2129), 1=(-1770,2159), 2=(-1913,2159), 3=(-1943,2129), 4=(-1943,1935), 5=(-1913,1905), 6=(-1770,1905), 7=(-1740,1935), 8=(-1740,2129), 9=(-1740,2129)
CIRCLE entity, line 6472
CIRCLE: layer="0", c=(-1842,2032), r=100
POLYLINE entity, line 6482
WARNING (006490): POLYLINE entity group 40 unknown/not supported - ignored.
WARNING (006492): POLYLINE entity group 41 unknown/not supported - ignored.
WARNING (006496): VERTEX entity group 8 unknown/not supported - ignored.
WARNING (006504): VERTEX entity group 8 unknown/not supported - ignored.
WARNING (006512): VERTEX entity group 8 unknown/not supported - ignored.
WARNING (006520): VERTEX entity group 8 unknown/not supported - ignored.
WARNING (006528): VERTEX entity group 8 unknown/not supported - ignored.
WARNING (006536): VERTEX entity group 8 unknown/not supported - ignored.
WARNING (006544): VERTEX entity group 8 unknown/not supported - ignored.
WARNING (006552): VERTEX entity group 8 unknown/not supported - ignored.
WARNING (006560): VERTEX entity group 8 unknown/not supported - ignored.
POLYLINE: layer="0", flags=0x01, #pts=10, 0=(-1232,2129), 1=(-1262,2159), 2=(-1405,2159), 3=(-1435,2129), 4=(-1435,1935), 5=(-1405,1905), 6=(-1262,1905), 7=(-1232,1935), 8=(-1232,2129), 9=(-1232,2129)
CIRCLE entity, line 6570
CIRCLE: layer="0", c=(-1334,2032), r=100
POLYLINE entity, line 6580
WARNING (006588): POLYLINE entity group 40 unknown/not supported - ignored.
WARNING (006590): POLYLINE entity group 41 unknown/not supported - ignored.
WARNING (006594): VERTEX entity group 8 unknown/not supported - ignored.
WARNING (006602): VERTEX entity group 8 unknown/not supported - ignored.
WARNING (006610): VERTEX entity group 8 unknown/not supported - ignored.
WARNING (006618): VERTEX entity group 8 unknown/not supported - ignored.
WARNING (006626): VERTEX entity group 8 unknown/not supported - ignored.
WARNING (006634): VERTEX entity group 8 unknown/not supported - ignored.
WARNING (006642): VERTEX entity group 8 unknown/not supported - ignored.
WARNING (006650): VERTEX entity group 8 unknown/not supported - ignored.
WARNING (006658): VERTEX entity group 8 unknown/not supported - ignored.
POLYLINE: layer="0", flags=0x01, #pts=10, 0=(-978,2129), 1=(-1008,2159), 2=(-1151,2159), 3=(-1181,2129), 4=(-1181,1935), 5=(-1151,1905), 6=(-1008,1905), 7=(-978,1935), 8=(-978,2129), 9=(-978,2129)
CIRCLE entity, line 6668
CIRCLE: layer="0", c=(-1080,2032), r=100
POLYLINE entity, line 6678
WARNING (006684): POLYLINE entity group 40 unknown/not supported - ignored.
WARNING (006686): POLYLINE entity group 41 unknown/not supported - ignored.
WARNING (006690): VERTEX entity group 8 unknown/not supported - ignored.
WARNING (006698): VERTEX entity group 8 unknown/not supported - ignored.
WARNING (006706): VERTEX entity group 8 unknown/not supported - ignored.
WARNING (006714): VERTEX entity group 8 unknown/not supported - ignored.
WARNING (006722): VERTEX entity group 8 unknown/not supported - ignored.
POLYLINE: layer="0", flags=0x00, #pts=5, 0=(-5300,173), 1=(-500,173), 2=(-500,3991), 3=(-5300,3991), 4=(-5300,173)
